<?xml version="1.0" encoding="UTF-8"?>
<testng-results skipped="0" failed="0" ignored="0" total="1" passed="1">
  <reporter-output>
  </reporter-output>
  <suite name="Suite" duration-ms="84" started-at="2018-09-24T18:06:16Z" finished-at="2018-09-24T18:06:16Z">
    <groups>
    </groups>
    <test name="Test" duration-ms="84" started-at="2018-09-24T18:06:16Z" finished-at="2018-09-24T18:06:16Z">
      <class name="com.actiTIME.Maven.Temp1">
        <test-method status="PASS" signature="method()[pri:0, instance:com.actiTIME.Maven.Temp1@5d5eef3d]" name="method" duration-ms="18" started-at="2018-09-24T18:06:16Z" finished-at="2018-09-24T18:06:16Z">
          <reporter-output>
          </reporter-output>
        </test-method> <!-- method -->
      </class> <!-- com.actiTIME.Maven.Temp1 -->
    </test> <!-- Test -->
  </suite> <!-- Suite -->
</testng-results>
